#! /c/Source/iverilog-install/bin/vvp
:ivl_version "12.0 (devel)" "(s20150603-1539-g2693dd32b)";
:ivl_delay_selection "TYPICAL";
:vpi_time_precision + 0;
:vpi_module "C:\iverilog\lib\ivl\system.vpi";
:vpi_module "C:\iverilog\lib\ivl\vhdl_sys.vpi";
:vpi_module "C:\iverilog\lib\ivl\vhdl_textio.vpi";
:vpi_module "C:\iverilog\lib\ivl\v2005_math.vpi";
:vpi_module "C:\iverilog\lib\ivl\va_math.vpi";
S_000001cf838268d0 .scope module, "tb_mooredetector" "tb_mooredetector" 2 2;
 .timescale 0 0;
v000001cf83556800_0 .var "clk", 0 0;
v000001cf835568a0_0 .var "din", 0 0;
v000001cf83556940_0 .net "dout", 0 0, L_000001cf83833760;  1 drivers
v000001cf835569e0_0 .var "rst", 0 0;
S_000001cf8355bbb0 .scope module, "DUT" "moore_detector" 2 8, 3 1 0, S_000001cf838268d0;
 .timescale 0 0;
    .port_info 0 /INPUT 1 "rst";
    .port_info 1 /INPUT 1 "clk";
    .port_info 2 /INPUT 1 "din";
    .port_info 3 /OUTPUT 1 "dout";
P_000001cf83826670 .param/l "S0" 1 3 8, C4<000>;
P_000001cf838266a8 .param/l "S1" 1 3 8, C4<001>;
P_000001cf838266e0 .param/l "S2" 1 3 8, C4<010>;
P_000001cf83826718 .param/l "S3" 1 3 8, C4<011>;
P_000001cf83826750 .param/l "S4" 1 3 8, C4<100>;
L_000001cf83884868 .functor BUFT 1, C4<100>, C4<0>, C4<0>, C4<0>;
v000001cf8355bd40_0 .net/2u *"_ivl_0", 2 0, L_000001cf83884868;  1 drivers
v000001cf8355bde0_0 .net "clk", 0 0, v000001cf83556800_0;  1 drivers
v000001cf8355be80_0 .var "current_state", 2 0;
v000001cf8355bf20_0 .net "din", 0 0, v000001cf835568a0_0;  1 drivers
v000001cf83556620_0 .net "dout", 0 0, L_000001cf83833760;  alias, 1 drivers
v000001cf835566c0_0 .var "next_state", 2 0;
v000001cf83556760_0 .net "rst", 0 0, v000001cf835569e0_0;  1 drivers
E_000001cf838276e0 .event anyedge, v000001cf8355be80_0, v000001cf8355bf20_0;
E_000001cf83827c20/0 .event negedge, v000001cf83556760_0;
E_000001cf83827c20/1 .event posedge, v000001cf8355bde0_0;
E_000001cf83827c20 .event/or E_000001cf83827c20/0, E_000001cf83827c20/1;
L_000001cf83833760 .cmp/eq 3, v000001cf8355be80_0, L_000001cf83884868;
    .scope S_000001cf8355bbb0;
T_0 ;
    %wait E_000001cf83827c20;
    %load/vec4 v000001cf83556760_0;
    %nor/r;
    %flag_set/vec4 8;
    %jmp/0xz  T_0.0, 8;
    %pushi/vec4 0, 0, 3;
    %assign/vec4 v000001cf8355be80_0, 0;
    %jmp T_0.1;
T_0.0 ;
    %load/vec4 v000001cf835566c0_0;
    %assign/vec4 v000001cf8355be80_0, 0;
T_0.1 ;
    %jmp T_0;
    .thread T_0;
    .scope S_000001cf8355bbb0;
T_1 ;
    %wait E_000001cf838276e0;
    %load/vec4 v000001cf8355be80_0;
    %dup/vec4;
    %pushi/vec4 0, 0, 3;
    %cmp/u;
    %jmp/1 T_1.0, 6;
    %dup/vec4;
    %pushi/vec4 1, 0, 3;
    %cmp/u;
    %jmp/1 T_1.1, 6;
    %dup/vec4;
    %pushi/vec4 2, 0, 3;
    %cmp/u;
    %jmp/1 T_1.2, 6;
    %dup/vec4;
    %pushi/vec4 3, 0, 3;
    %cmp/u;
    %jmp/1 T_1.3, 6;
    %dup/vec4;
    %pushi/vec4 4, 0, 3;
    %cmp/u;
    %jmp/1 T_1.4, 6;
    %pushi/vec4 0, 0, 3;
    %assign/vec4 v000001cf835566c0_0, 0;
    %jmp T_1.6;
T_1.0 ;
    %load/vec4 v000001cf8355bf20_0;
    %flag_set/vec4 8;
    %jmp/0 T_1.7, 8;
    %pushi/vec4 1, 0, 3;
    %jmp/1 T_1.8, 8;
T_1.7 ; End of true expr.
    %pushi/vec4 0, 0, 3;
    %jmp/0 T_1.8, 8;
 ; End of false expr.
    %blend;
T_1.8;
    %assign/vec4 v000001cf835566c0_0, 0;
    %jmp T_1.6;
T_1.1 ;
    %load/vec4 v000001cf8355bf20_0;
    %flag_set/vec4 8;
    %jmp/0 T_1.9, 8;
    %pushi/vec4 1, 0, 3;
    %jmp/1 T_1.10, 8;
T_1.9 ; End of true expr.
    %pushi/vec4 2, 0, 3;
    %jmp/0 T_1.10, 8;
 ; End of false expr.
    %blend;
T_1.10;
    %assign/vec4 v000001cf835566c0_0, 0;
    %jmp T_1.6;
T_1.2 ;
    %load/vec4 v000001cf8355bf20_0;
    %flag_set/vec4 8;
    %jmp/0 T_1.11, 8;
    %pushi/vec4 3, 0, 3;
    %jmp/1 T_1.12, 8;
T_1.11 ; End of true expr.
    %pushi/vec4 0, 0, 3;
    %jmp/0 T_1.12, 8;
 ; End of false expr.
    %blend;
T_1.12;
    %assign/vec4 v000001cf835566c0_0, 0;
    %jmp T_1.6;
T_1.3 ;
    %load/vec4 v000001cf8355bf20_0;
    %flag_set/vec4 8;
    %jmp/0 T_1.13, 8;
    %pushi/vec4 4, 0, 3;
    %jmp/1 T_1.14, 8;
T_1.13 ; End of true expr.
    %pushi/vec4 2, 0, 3;
    %jmp/0 T_1.14, 8;
 ; End of false expr.
    %blend;
T_1.14;
    %assign/vec4 v000001cf835566c0_0, 0;
    %jmp T_1.6;
T_1.4 ;
    %load/vec4 v000001cf8355bf20_0;
    %flag_set/vec4 8;
    %jmp/0 T_1.15, 8;
    %pushi/vec4 1, 0, 3;
    %jmp/1 T_1.16, 8;
T_1.15 ; End of true expr.
    %pushi/vec4 2, 0, 3;
    %jmp/0 T_1.16, 8;
 ; End of false expr.
    %blend;
T_1.16;
    %assign/vec4 v000001cf835566c0_0, 0;
    %jmp T_1.6;
T_1.6 ;
    %pop/vec4 1;
    %jmp T_1;
    .thread T_1, $push;
    .scope S_000001cf838268d0;
T_2 ;
    %pushi/vec4 0, 0, 1;
    %store/vec4 v000001cf83556800_0, 0, 1;
    %end;
    .thread T_2;
    .scope S_000001cf838268d0;
T_3 ;
    %delay 5, 0;
    %load/vec4 v000001cf83556800_0;
    %inv;
    %store/vec4 v000001cf83556800_0, 0, 1;
    %jmp T_3;
    .thread T_3;
    .scope S_000001cf838268d0;
T_4 ;
    %pushi/vec4 0, 0, 1;
    %store/vec4 v000001cf835569e0_0, 0, 1;
    %pushi/vec4 0, 0, 1;
    %store/vec4 v000001cf835568a0_0, 0, 1;
    %delay 10, 0;
    %vpi_call 2 23 "$monitor", "|Time = %0t|din = %0b|dout =%0b|", $time, v000001cf835568a0_0, v000001cf83556940_0 {0 0 0};
    %pushi/vec4 1, 0, 1;
    %store/vec4 v000001cf835569e0_0, 0, 1;
    %pushi/vec4 1, 0, 1;
    %store/vec4 v000001cf835568a0_0, 0, 1;
    %delay 10, 0;
    %pushi/vec4 0, 0, 1;
    %store/vec4 v000001cf835568a0_0, 0, 1;
    %delay 10, 0;
    %pushi/vec4 1, 0, 1;
    %store/vec4 v000001cf835568a0_0, 0, 1;
    %delay 10, 0;
    %pushi/vec4 1, 0, 1;
    %store/vec4 v000001cf835568a0_0, 0, 1;
    %delay 10, 0;
    %pushi/vec4 1, 0, 1;
    %store/vec4 v000001cf835568a0_0, 0, 1;
    %delay 10, 0;
    %pushi/vec4 0, 0, 1;
    %store/vec4 v000001cf835568a0_0, 0, 1;
    %delay 10, 0;
    %pushi/vec4 1, 0, 1;
    %store/vec4 v000001cf835568a0_0, 0, 1;
    %delay 10, 0;
    %delay 100, 0;
    %vpi_call 2 35 "$finish" {0 0 0};
    %end;
    .thread T_4;
    .scope S_000001cf838268d0;
T_5 ;
    %vpi_call 2 39 "$dumpfile", "dump3.vcd" {0 0 0};
    %vpi_call 2 40 "$dumpvars", 32'sb00000000000000000000000000000000, S_000001cf838268d0 {0 0 0};
    %end;
    .thread T_5;
# The file index is used to find the file name in the following table.
:file_names 4;
    "N/A";
    "<interactive>";
    "tb_moore_detector.v";
    "./moore_detector.v";
